2025-08-25 07:49:44 DEBUG TestNG:82 - suiteXmlPath: "D:\JAVA\Pracitse2025\mytrip\master.xml"
2025-08-25 07:49:45 TRACE Graph:52 - [Graph] ADDING NODE BaseClass.setup(java.lang.String,java.lang.String)[pri:0, instance:null] -1422203584
2025-08-25 07:49:45 TRACE Graph:52 - [Graph] ================ SORTING
2025-08-25 07:49:45 TRACE Graph:52 - [Graph] =============== DONE SORTING
2025-08-25 07:49:45 TRACE Graph:52 - [Graph] ====== SORTED NODES
2025-08-25 07:49:45 TRACE Graph:52 - [Graph] ====== END SORTED NODES
2025-08-25 07:49:45 TRACE Graph:52 - [Graph] ADDING NODE BaseClass.tearDown()[pri:0, instance:null] 829687191
2025-08-25 07:49:45 TRACE Graph:52 - [Graph] ================ SORTING
2025-08-25 07:49:45 TRACE Graph:52 - [Graph] =============== DONE SORTING
2025-08-25 07:49:45 TRACE Graph:52 - [Graph] ====== SORTED NODES
2025-08-25 07:49:45 TRACE Graph:52 - [Graph] ====== END SORTED NODES
2025-08-25 07:49:45 TRACE Graph:52 - [Graph] ADDING NODE TC_004_PaymentPage.testPaymentPage(java.lang.String)[pri:0, instance:testCases.TC_004_PaymentPage@2ef14fe] 45742731
2025-08-25 07:49:45 TRACE Graph:52 - [Graph] ================ SORTING
2025-08-25 07:49:45 TRACE Graph:52 - [Graph] =============== DONE SORTING
2025-08-25 07:49:45 TRACE Graph:52 - [Graph] ====== SORTED NODES
2025-08-25 07:49:45 TRACE Graph:52 - [Graph] ====== END SORTED NODES
2025-08-25 07:49:59 INFO  TC_004_PaymentPage:15 - ***** Starting TC001_Homepage  ****
2025-08-25 07:49:59 DEBUG TC_004_PaymentPage:16 - This is a debug log message
2025-08-25 07:50:01 INFO  TC_004_PaymentPage:23 - Providing Data of Source and Destination
2025-08-25 07:50:09 INFO  TC_004_PaymentPage:37 - Validating expected message..
2025-08-25 07:50:09 INFO  TC_004_PaymentPage:42 - Test passed
2025-08-25 07:50:09 INFO  TC_004_PaymentPage:50 - ***** Finished TC001_Homepage *****
2025-08-25 07:50:09 INFO  TC_004_PaymentPage:15 - ***** Starting TC001_Homepage  ****
2025-08-25 07:50:09 DEBUG TC_004_PaymentPage:16 - This is a debug log message
2025-08-25 07:50:20 INFO  TC_004_PaymentPage:23 - Providing Data of Source and Destination
2025-08-25 07:50:28 INFO  TC_004_PaymentPage:37 - Validating expected message..
2025-08-25 07:50:28 INFO  TC_004_PaymentPage:42 - Test passed
2025-08-25 07:50:28 INFO  TC_004_PaymentPage:50 - ***** Finished TC001_Homepage *****
2025-08-25 07:50:28 INFO  TC_004_PaymentPage:26 - Start of TC_002_BusDetailsPage
2025-08-25 07:50:28 INFO  TC_004_PaymentPage:29 - Start of TC_002_BusDetailsPage
2025-08-25 07:51:01 INFO  TC_004_PaymentPage:68 - **** Finished TC002_BusDetailsPage*****
